D:\01of_v0.8.4_vs_release\apps\20141231\09ImageShow\bin\09ImageShow_debug.lib
D:\01of_v0.8.4_vs_release\apps\20141231\09ImageShow\bin\09ImageShow_debug.exp
D:\01OF_V0.8.4_VS_RELEASE\APPS\20141231\09IMAGESHOW\OBJ\DEBUG\OFXBUTTON.OBJ
D:\01OF_V0.8.4_VS_RELEASE\APPS\20141231\09IMAGESHOW\OBJ\DEBUG\OFXGUIGROUP.OBJ
D:\01OF_V0.8.4_VS_RELEASE\APPS\20141231\09IMAGESHOW\OBJ\DEBUG\OFXLABEL.OBJ
D:\01OF_V0.8.4_VS_RELEASE\APPS\20141231\09IMAGESHOW\OBJ\DEBUG\OFXPANEL.OBJ
D:\01OF_V0.8.4_VS_RELEASE\APPS\20141231\09IMAGESHOW\OBJ\DEBUG\OFXSLIDER.OBJ
D:\01OF_V0.8.4_VS_RELEASE\APPS\20141231\09IMAGESHOW\OBJ\DEBUG\OFXSLIDERGROUP.OBJ
D:\01OF_V0.8.4_VS_RELEASE\APPS\20141231\09IMAGESHOW\OBJ\DEBUG\OFXTOGGLE.OBJ
D:\01OF_V0.8.4_VS_RELEASE\APPS\20141231\09IMAGESHOW\OBJ\DEBUG\OFXTCPCLIENT.OBJ
D:\01OF_V0.8.4_VS_RELEASE\APPS\20141231\09IMAGESHOW\OBJ\DEBUG\OFXTCPMANAGER.OBJ
D:\01OF_V0.8.4_VS_RELEASE\APPS\20141231\09IMAGESHOW\OBJ\DEBUG\OFXTCPSERVER.OBJ
D:\01OF_V0.8.4_VS_RELEASE\APPS\20141231\09IMAGESHOW\OBJ\DEBUG\OFXUDPMANAGER.OBJ
D:\01OF_V0.8.4_VS_RELEASE\APPS\20141231\09IMAGESHOW\OBJ\DEBUG\OFXTHREADEDIMAGELOADER.OBJ
D:\01OF_V0.8.4_VS_RELEASE\APPS\20141231\09IMAGESHOW\OBJ\DEBUG\OFXXMLSETTINGS.OBJ
D:\01OF_V0.8.4_VS_RELEASE\APPS\20141231\09IMAGESHOW\OBJ\DEBUG\TINYXML.OBJ
D:\01OF_V0.8.4_VS_RELEASE\APPS\20141231\09IMAGESHOW\OBJ\DEBUG\TINYXMLERROR.OBJ
D:\01OF_V0.8.4_VS_RELEASE\APPS\20141231\09IMAGESHOW\OBJ\DEBUG\TINYXMLPARSER.OBJ
D:\01OF_V0.8.4_VS_RELEASE\APPS\20141231\09IMAGESHOW\OBJ\DEBUG\FLASHPLAYER.OBJ
D:\01OF_V0.8.4_VS_RELEASE\APPS\20141231\09IMAGESHOW\OBJ\DEBUG\OFXFLASH.OBJ
D:\01OF_V0.8.4_VS_RELEASE\APPS\20141231\09IMAGESHOW\OBJ\DEBUG\OFXPRINT.OBJ
D:\01OF_V0.8.4_VS_RELEASE\APPS\20141231\09IMAGESHOW\OBJ\DEBUG\OFSHOWIMAGE.OBJ
D:\01OF_V0.8.4_VS_RELEASE\APPS\20141231\09IMAGESHOW\OBJ\DEBUG\MAIN.OBJ
D:\01OF_V0.8.4_VS_RELEASE\APPS\20141231\09IMAGESHOW\OBJ\DEBUG\OFAPP.OBJ
D:\01OF_V0.8.4_VS_RELEASE\APPS\20141231\09IMAGESHOW\OBJ\DEBUG\OFXBASEGUI.OBJ
D:\01OF_V0.8.4_VS_RELEASE\APPS\20141231\09IMAGESHOW\OBJ\DEBUG\VC110.PDB
D:\01OF_V0.8.4_VS_RELEASE\APPS\20141231\09IMAGESHOW\OBJ\DEBUG\ICON.RES
D:\01of_v0.8.4_vs_release\apps\20141231\09ImageShow\obj\Debug\09ImageShow.vcxprojResolveAssemblyReference.cache
D:\01of_v0.8.4_vs_release\apps\20141231\09ImageShow\obj\Debug\FlashPlayer.obj
D:\01of_v0.8.4_vs_release\apps\20141231\09ImageShow\obj\Debug\main.obj
D:\01of_v0.8.4_vs_release\apps\20141231\09ImageShow\obj\Debug\ofApp.obj
D:\01of_v0.8.4_vs_release\apps\20141231\09ImageShow\obj\Debug\ofShowImage.obj
D:\01of_v0.8.4_vs_release\apps\20141231\09ImageShow\obj\Debug\ofxBaseGui.obj
D:\01of_v0.8.4_vs_release\apps\20141231\09ImageShow\obj\Debug\ofxButton.obj
D:\01of_v0.8.4_vs_release\apps\20141231\09ImageShow\obj\Debug\ofxFlash.obj
D:\01of_v0.8.4_vs_release\apps\20141231\09ImageShow\obj\Debug\ofxGuiGroup.obj
D:\01of_v0.8.4_vs_release\apps\20141231\09ImageShow\obj\Debug\ofxLabel.obj
D:\01of_v0.8.4_vs_release\apps\20141231\09ImageShow\obj\Debug\ofxPanel.obj
D:\01of_v0.8.4_vs_release\apps\20141231\09ImageShow\obj\Debug\ofxPrint.obj
D:\01of_v0.8.4_vs_release\apps\20141231\09ImageShow\obj\Debug\ofxSlider.obj
D:\01of_v0.8.4_vs_release\apps\20141231\09ImageShow\obj\Debug\ofxSliderGroup.obj
D:\01of_v0.8.4_vs_release\apps\20141231\09ImageShow\obj\Debug\ofxTCPClient.obj
D:\01of_v0.8.4_vs_release\apps\20141231\09ImageShow\obj\Debug\ofxTCPManager.obj
D:\01of_v0.8.4_vs_release\apps\20141231\09ImageShow\obj\Debug\ofxTCPServer.obj
D:\01of_v0.8.4_vs_release\apps\20141231\09ImageShow\obj\Debug\ofxThreadedImageLoader.obj
D:\01of_v0.8.4_vs_release\apps\20141231\09ImageShow\obj\Debug\ofxToggle.obj
D:\01of_v0.8.4_vs_release\apps\20141231\09ImageShow\obj\Debug\ofxUDPManager.obj
D:\01of_v0.8.4_vs_release\apps\20141231\09ImageShow\obj\Debug\ofxXmlSettings.obj
D:\01of_v0.8.4_vs_release\apps\20141231\09ImageShow\obj\Debug\tinyxml.obj
D:\01of_v0.8.4_vs_release\apps\20141231\09ImageShow\obj\Debug\tinyxmlerror.obj
D:\01of_v0.8.4_vs_release\apps\20141231\09ImageShow\obj\Debug\tinyxmlparser.obj
D:\01of_v0.8.4_vs_release\apps\20141231\09ImageShow\obj\Debug\09ImageShow.write.1.tlog
D:\01of_v0.8.4_vs_release\apps\20141231\09ImageShow\obj\Debug\cl.command.1.tlog
D:\01of_v0.8.4_vs_release\apps\20141231\09ImageShow\obj\Debug\CL.read.1.tlog
D:\01of_v0.8.4_vs_release\apps\20141231\09ImageShow\obj\Debug\CL.write.1.tlog
D:\01of_v0.8.4_vs_release\apps\20141231\09ImageShow\obj\Debug\link-cvtres.read.1.tlog
D:\01of_v0.8.4_vs_release\apps\20141231\09ImageShow\obj\Debug\link-cvtres.write.1.tlog
D:\01of_v0.8.4_vs_release\apps\20141231\09ImageShow\obj\Debug\link-rc.read.1.tlog
D:\01of_v0.8.4_vs_release\apps\20141231\09ImageShow\obj\Debug\link-rc.write.1.tlog
D:\01of_v0.8.4_vs_release\apps\20141231\09ImageShow\obj\Debug\link.6196-cvtres.read.1.tlog
D:\01of_v0.8.4_vs_release\apps\20141231\09ImageShow\obj\Debug\link.6196-cvtres.write.1.tlog
D:\01of_v0.8.4_vs_release\apps\20141231\09ImageShow\obj\Debug\link.6196-rc.read.1.tlog
D:\01of_v0.8.4_vs_release\apps\20141231\09ImageShow\obj\Debug\link.6196-rc.write.1.tlog
D:\01of_v0.8.4_vs_release\apps\20141231\09ImageShow\obj\Debug\link.6196.read.1.tlog
D:\01of_v0.8.4_vs_release\apps\20141231\09ImageShow\obj\Debug\link.6196.write.1.tlog
D:\01of_v0.8.4_vs_release\apps\20141231\09ImageShow\obj\Debug\link.command.1.tlog
D:\01of_v0.8.4_vs_release\apps\20141231\09ImageShow\obj\Debug\link.read.1.tlog
D:\01of_v0.8.4_vs_release\apps\20141231\09ImageShow\obj\Debug\link.write.1.tlog
D:\01of_v0.8.4_vs_release\apps\20141231\09ImageShow\obj\Debug\rc.command.1.tlog
D:\01of_v0.8.4_vs_release\apps\20141231\09ImageShow\obj\Debug\rc.read.1.tlog
D:\01of_v0.8.4_vs_release\apps\20141231\09ImageShow\obj\Debug\rc.write.1.tlog
D:\01of_v0.8.4_vs_release\apps\20141231\09ImageShow\obj\Debug\icon.res
D:\01of_v0.8.4_vs_release\apps\20141231\09ImageShow\obj\Debug\vc110.idb
D:\01of_v0.8.4_vs_release\apps\20141231\09ImageShow\obj\Debug\vc110.pdb
